running develop
running egg_info
creating res_turtlebot.egg-info
writing res_turtlebot.egg-info/PKG-INFO
writing dependency_links to res_turtlebot.egg-info/dependency_links.txt
writing entry points to res_turtlebot.egg-info/entry_points.txt
writing requirements to res_turtlebot.egg-info/requires.txt
writing top-level names to res_turtlebot.egg-info/top_level.txt
writing manifest file 'res_turtlebot.egg-info/SOURCES.txt'
reading manifest file 'res_turtlebot.egg-info/SOURCES.txt'
writing manifest file 'res_turtlebot.egg-info/SOURCES.txt'
running build_ext
Creating /home/test/Desktop/Respeaker/res_turtlebot/install/res_turtlebot/lib/python3.10/site-packages/res-turtlebot.egg-link (link to .)

Installed /home/test/Desktop/Respeaker/res_turtlebot/build/res_turtlebot
running symlink_data
creating /home/test/Desktop/Respeaker/res_turtlebot/install/res_turtlebot/share/ament_index
creating /home/test/Desktop/Respeaker/res_turtlebot/install/res_turtlebot/share/ament_index/resource_index
creating /home/test/Desktop/Respeaker/res_turtlebot/install/res_turtlebot/share/ament_index/resource_index/packages
symbolically linking /home/test/Desktop/Respeaker/res_turtlebot/build/res_turtlebot/resource/res_turtlebot -> /home/test/Desktop/Respeaker/res_turtlebot/install/res_turtlebot/share/ament_index/resource_index/packages
symbolically linking /home/test/Desktop/Respeaker/res_turtlebot/build/res_turtlebot/package.xml -> /home/test/Desktop/Respeaker/res_turtlebot/install/res_turtlebot/share/res_turtlebot
