[1.364s] Invoking command in '/home/test/Desktop/Respeaker/res_turtlebot/build/res_turtlebot': PYTHONPATH=/home/test/Desktop/Respeaker/res_turtlebot/build/res_turtlebot/prefix_override:/usr/lib/python3/dist-packages/colcon_core/task/python/colcon_distutils_commands:/home/test/Desktop/Respeaker/res_turtlebot/install/res_turtlebot/lib/python3.10/site-packages:${PYTHONPATH} /usr/bin/python3 -W ignore:setup.py install is deprecated setup.py develop --editable --build-directory /home/test/Desktop/Respeaker/res_turtlebot/build/res_turtlebot/build --no-deps symlink_data
[1.923s] running develop
[2.221s] running egg_info
[2.221s] creating res_turtlebot.egg-info
[2.221s] writing res_turtlebot.egg-info/PKG-INFO
[2.221s] writing dependency_links to res_turtlebot.egg-info/dependency_links.txt
[2.221s] writing entry points to res_turtlebot.egg-info/entry_points.txt
[2.222s] writing requirements to res_turtlebot.egg-info/requires.txt
[2.222s] writing top-level names to res_turtlebot.egg-info/top_level.txt
[2.222s] writing manifest file 'res_turtlebot.egg-info/SOURCES.txt'
[2.224s] reading manifest file 'res_turtlebot.egg-info/SOURCES.txt'
[2.225s] writing manifest file 'res_turtlebot.egg-info/SOURCES.txt'
[2.228s] running build_ext
[2.228s] Creating /home/test/Desktop/Respeaker/res_turtlebot/install/res_turtlebot/lib/python3.10/site-packages/res-turtlebot.egg-link (link to .)
[2.229s] 
[2.229s] Installed /home/test/Desktop/Respeaker/res_turtlebot/build/res_turtlebot
[2.229s] running symlink_data
[2.230s] creating /home/test/Desktop/Respeaker/res_turtlebot/install/res_turtlebot/share/ament_index
[2.230s] creating /home/test/Desktop/Respeaker/res_turtlebot/install/res_turtlebot/share/ament_index/resource_index
[2.230s] creating /home/test/Desktop/Respeaker/res_turtlebot/install/res_turtlebot/share/ament_index/resource_index/packages
[2.230s] symbolically linking /home/test/Desktop/Respeaker/res_turtlebot/build/res_turtlebot/resource/res_turtlebot -> /home/test/Desktop/Respeaker/res_turtlebot/install/res_turtlebot/share/ament_index/resource_index/packages
[2.230s] symbolically linking /home/test/Desktop/Respeaker/res_turtlebot/build/res_turtlebot/package.xml -> /home/test/Desktop/Respeaker/res_turtlebot/install/res_turtlebot/share/res_turtlebot
[2.282s] Invoked command in '/home/test/Desktop/Respeaker/res_turtlebot/build/res_turtlebot' returned '0': PYTHONPATH=/home/test/Desktop/Respeaker/res_turtlebot/build/res_turtlebot/prefix_override:/usr/lib/python3/dist-packages/colcon_core/task/python/colcon_distutils_commands:/home/test/Desktop/Respeaker/res_turtlebot/install/res_turtlebot/lib/python3.10/site-packages:${PYTHONPATH} /usr/bin/python3 -W ignore:setup.py install is deprecated setup.py develop --editable --build-directory /home/test/Desktop/Respeaker/res_turtlebot/build/res_turtlebot/build --no-deps symlink_data
