[0.209s] DEBUG:colcon:Command line arguments: ['/usr/bin/colcon', 'build', '--symlink-install']
[0.209s] DEBUG:colcon:Parsed command line arguments: Namespace(log_base=None, log_level=None, verb_name='build', build_base='build', install_base='install', merge_install=False, symlink_install=True, test_result_base=None, continue_on_error=False, executor='parallel', parallel_workers=2, event_handlers=None, ignore_user_meta=False, metas=['./colcon.meta'], base_paths=['.'], packages_ignore=None, packages_ignore_regex=None, paths=None, packages_up_to=None, packages_up_to_regex=None, packages_above=None, packages_above_and_dependencies=None, packages_above_depth=None, packages_select_by_dep=None, packages_skip_by_dep=None, packages_skip_up_to=None, packages_select_build_failed=False, packages_skip_build_finished=False, packages_select_test_failures=False, packages_skip_test_passed=False, packages_select=None, packages_skip=None, packages_select_regex=None, packages_skip_regex=None, packages_start=None, packages_end=None, allow_overriding=[], cmake_args=None, cmake_target=None, cmake_target_skip_unavailable=False, cmake_clean_cache=False, cmake_clean_first=False, cmake_force_configure=False, ament_cmake_args=None, catkin_cmake_args=None, catkin_skip_building_tests=False, mixin_files=None, mixin=None, verb_parser=<colcon_mixin.mixin.mixin_argument.MixinArgumentDecorator object at 0x77272ff52da0>, verb_extension=<colcon_core.verb.build.BuildVerb object at 0x772730057400>, main=<bound method BuildVerb.main of <colcon_core.verb.build.BuildVerb object at 0x772730057400>>, mixin_verb=('build',))
[0.523s] Level 1:colcon.colcon_core.package_discovery:discover_packages(colcon_meta) check parameters
[0.524s] Level 1:colcon.colcon_core.package_discovery:discover_packages(recursive) check parameters
[0.524s] Level 1:colcon.colcon_core.package_discovery:discover_packages(ignore) check parameters
[0.524s] Level 1:colcon.colcon_core.package_discovery:discover_packages(path) check parameters
[0.524s] Level 1:colcon.colcon_core.package_discovery:discover_packages(colcon_meta) discover
[0.524s] Level 1:colcon.colcon_core.package_discovery:discover_packages(recursive) discover
[0.524s] INFO:colcon.colcon_core.package_discovery:Crawling recursively for packages in '/home/test/Desktop/Respeaker/res_turtlebot'
[0.524s] Level 1:colcon.colcon_core.package_identification:_identify(.) by extensions ['ignore', 'ignore_ament_install']
[0.525s] Level 1:colcon.colcon_core.package_identification:_identify(.) by extension 'ignore'
[0.525s] Level 1:colcon.colcon_core.package_identification:_identify(.) by extension 'ignore_ament_install'
[0.526s] Level 1:colcon.colcon_core.package_identification:_identify(.) by extensions ['colcon_pkg']
[0.526s] Level 1:colcon.colcon_core.package_identification:_identify(.) by extension 'colcon_pkg'
[0.526s] Level 1:colcon.colcon_core.package_identification:_identify(.) by extensions ['colcon_meta']
[0.526s] Level 1:colcon.colcon_core.package_identification:_identify(.) by extension 'colcon_meta'
[0.526s] Level 1:colcon.colcon_core.package_identification:_identify(.) by extensions ['ros']
[0.526s] Level 1:colcon.colcon_core.package_identification:_identify(.) by extension 'ros'
[0.552s] Level 1:colcon.colcon_core.package_identification:_identify(.) by extensions ['cmake', 'python']
[0.552s] Level 1:colcon.colcon_core.package_identification:_identify(.) by extension 'cmake'
[0.553s] Level 1:colcon.colcon_core.package_identification:_identify(.) by extension 'python'
[0.553s] Level 1:colcon.colcon_core.package_identification:_identify(.) by extensions ['python_setup_py']
[0.553s] Level 1:colcon.colcon_core.package_identification:_identify(.) by extension 'python_setup_py'
[0.553s] Level 1:colcon.colcon_core.package_identification:_identify(build) by extensions ['ignore', 'ignore_ament_install']
[0.553s] Level 1:colcon.colcon_core.package_identification:_identify(build) by extension 'ignore'
[0.553s] Level 1:colcon.colcon_core.package_identification:_identify(build) ignored
[0.553s] Level 1:colcon.colcon_core.package_identification:_identify(install) by extensions ['ignore', 'ignore_ament_install']
[0.553s] Level 1:colcon.colcon_core.package_identification:_identify(install) by extension 'ignore'
[0.553s] Level 1:colcon.colcon_core.package_identification:_identify(install) ignored
[0.553s] Level 1:colcon.colcon_core.package_identification:_identify(log) by extensions ['ignore', 'ignore_ament_install']
[0.553s] Level 1:colcon.colcon_core.package_identification:_identify(log) by extension 'ignore'
[0.553s] Level 1:colcon.colcon_core.package_identification:_identify(log) ignored
[0.553s] Level 1:colcon.colcon_core.package_identification:_identify(src) by extensions ['ignore', 'ignore_ament_install']
[0.553s] Level 1:colcon.colcon_core.package_identification:_identify(src) by extension 'ignore'
[0.553s] Level 1:colcon.colcon_core.package_identification:_identify(src) by extension 'ignore_ament_install'
[0.554s] Level 1:colcon.colcon_core.package_identification:_identify(src) by extensions ['colcon_pkg']
[0.554s] Level 1:colcon.colcon_core.package_identification:_identify(src) by extension 'colcon_pkg'
[0.554s] Level 1:colcon.colcon_core.package_identification:_identify(src) by extensions ['colcon_meta']
[0.554s] Level 1:colcon.colcon_core.package_identification:_identify(src) by extension 'colcon_meta'
[0.554s] Level 1:colcon.colcon_core.package_identification:_identify(src) by extensions ['ros']
[0.554s] Level 1:colcon.colcon_core.package_identification:_identify(src) by extension 'ros'
[0.554s] Level 1:colcon.colcon_core.package_identification:_identify(src) by extensions ['cmake', 'python']
[0.554s] Level 1:colcon.colcon_core.package_identification:_identify(src) by extension 'cmake'
[0.554s] Level 1:colcon.colcon_core.package_identification:_identify(src) by extension 'python'
[0.554s] Level 1:colcon.colcon_core.package_identification:_identify(src) by extensions ['python_setup_py']
[0.554s] Level 1:colcon.colcon_core.package_identification:_identify(src) by extension 'python_setup_py'
[0.554s] Level 1:colcon.colcon_core.package_identification:_identify(src/res_turtlebot) by extensions ['ignore', 'ignore_ament_install']
[0.554s] Level 1:colcon.colcon_core.package_identification:_identify(src/res_turtlebot) by extension 'ignore'
[0.554s] Level 1:colcon.colcon_core.package_identification:_identify(src/res_turtlebot) by extension 'ignore_ament_install'
[0.554s] Level 1:colcon.colcon_core.package_identification:_identify(src/res_turtlebot) by extensions ['colcon_pkg']
[0.554s] Level 1:colcon.colcon_core.package_identification:_identify(src/res_turtlebot) by extension 'colcon_pkg'
[0.554s] Level 1:colcon.colcon_core.package_identification:_identify(src/res_turtlebot) by extensions ['colcon_meta']
[0.554s] Level 1:colcon.colcon_core.package_identification:_identify(src/res_turtlebot) by extension 'colcon_meta'
[0.554s] Level 1:colcon.colcon_core.package_identification:_identify(src/res_turtlebot) by extensions ['ros']
[0.554s] Level 1:colcon.colcon_core.package_identification:_identify(src/res_turtlebot) by extension 'ros'
[0.557s] DEBUG:colcon.colcon_core.package_identification:Package 'src/res_turtlebot' with type 'ros.ament_python' and name 'res_turtlebot'
[0.557s] Level 1:colcon.colcon_core.package_discovery:discover_packages(recursive) using defaults
[0.557s] Level 1:colcon.colcon_core.package_discovery:discover_packages(ignore) discover
[0.557s] Level 1:colcon.colcon_core.package_discovery:discover_packages(ignore) using defaults
[0.557s] Level 1:colcon.colcon_core.package_discovery:discover_packages(path) discover
[0.557s] Level 1:colcon.colcon_core.package_discovery:discover_packages(path) using defaults
[0.591s] Level 1:colcon.colcon_core.package_discovery:discover_packages(prefix_path) check parameters
[0.591s] Level 1:colcon.colcon_core.package_discovery:discover_packages(prefix_path) discover
[0.599s] DEBUG:colcon.colcon_installed_package_information.package_discovery:Found 1 installed packages in /home/test/micro_ros_ws/install
[0.603s] DEBUG:colcon.colcon_installed_package_information.package_discovery:Found 55 installed packages in /home/test/Desktop/OpenCV_SRC/ws_moveit/install
[0.605s] DEBUG:colcon.colcon_installed_package_information.package_discovery:Found 13 installed packages in /home/test/turtlebot3_ws/install
[0.606s] DEBUG:colcon.colcon_installed_package_information.package_discovery:Found 1 installed packages in /home/test/Desktop/Respeaker/res_turtlebot/install
[0.607s] DEBUG:colcon.colcon_installed_package_information.package_discovery:Found 11 installed packages in /home/test/Desktop/OpenCV_SRC/aiot_ws/install
[0.611s] DEBUG:colcon.colcon_installed_package_information.package_discovery:Found 424 installed packages in /opt/ros/humble
[0.622s] Level 1:colcon.colcon_core.package_discovery:discover_packages(prefix_path) using defaults
[0.726s] Level 5:colcon.colcon_core.verb:set package 'res_turtlebot' build argument 'cmake_args' from command line to 'None'
[0.727s] Level 5:colcon.colcon_core.verb:set package 'res_turtlebot' build argument 'cmake_target' from command line to 'None'
[0.727s] Level 5:colcon.colcon_core.verb:set package 'res_turtlebot' build argument 'cmake_target_skip_unavailable' from command line to 'False'
[0.727s] Level 5:colcon.colcon_core.verb:set package 'res_turtlebot' build argument 'cmake_clean_cache' from command line to 'False'
[0.727s] Level 5:colcon.colcon_core.verb:set package 'res_turtlebot' build argument 'cmake_clean_first' from command line to 'False'
[0.727s] Level 5:colcon.colcon_core.verb:set package 'res_turtlebot' build argument 'cmake_force_configure' from command line to 'False'
[0.727s] Level 5:colcon.colcon_core.verb:set package 'res_turtlebot' build argument 'ament_cmake_args' from command line to 'None'
[0.727s] Level 5:colcon.colcon_core.verb:set package 'res_turtlebot' build argument 'catkin_cmake_args' from command line to 'None'
[0.727s] Level 5:colcon.colcon_core.verb:set package 'res_turtlebot' build argument 'catkin_skip_building_tests' from command line to 'False'
[0.727s] DEBUG:colcon.colcon_core.verb:Building package 'res_turtlebot' with the following arguments: {'ament_cmake_args': None, 'build_base': '/home/test/Desktop/Respeaker/res_turtlebot/build/res_turtlebot', 'catkin_cmake_args': None, 'catkin_skip_building_tests': False, 'cmake_args': None, 'cmake_clean_cache': False, 'cmake_clean_first': False, 'cmake_force_configure': False, 'cmake_target': None, 'cmake_target_skip_unavailable': False, 'install_base': '/home/test/Desktop/Respeaker/res_turtlebot/install/res_turtlebot', 'merge_install': False, 'path': '/home/test/Desktop/Respeaker/res_turtlebot/src/res_turtlebot', 'symlink_install': True, 'test_result_base': None}
[0.727s] INFO:colcon.colcon_core.executor:Executing jobs using 'parallel' executor
[0.729s] DEBUG:colcon.colcon_parallel_executor.executor.parallel:run_until_complete
[0.729s] INFO:colcon.colcon_ros.task.ament_python.build:Building ROS package in '/home/test/Desktop/Respeaker/res_turtlebot/src/res_turtlebot' with build type 'ament_python'
[0.730s] Level 1:colcon.colcon_core.shell:create_environment_hook('res_turtlebot', 'ament_prefix_path')
[0.734s] INFO:colcon.colcon_core.plugin_system:Skipping extension 'colcon_core.shell.bat': Not used on non-Windows systems
[0.734s] INFO:colcon.colcon_core.shell:Creating environment hook '/home/test/Desktop/Respeaker/res_turtlebot/install/res_turtlebot/share/res_turtlebot/hook/ament_prefix_path.ps1'
[0.735s] INFO:colcon.colcon_core.shell:Creating environment descriptor '/home/test/Desktop/Respeaker/res_turtlebot/install/res_turtlebot/share/res_turtlebot/hook/ament_prefix_path.dsv'
[0.736s] INFO:colcon.colcon_core.shell:Creating environment hook '/home/test/Desktop/Respeaker/res_turtlebot/install/res_turtlebot/share/res_turtlebot/hook/ament_prefix_path.sh'
[0.737s] INFO:colcon.colcon_core.shell:Skip shell extension 'powershell' for command environment: Not usable outside of PowerShell
[0.737s] DEBUG:colcon.colcon_core.shell:Skip shell extension 'dsv' for command environment
[1.410s] INFO:colcon.colcon_core.task.python.build:Building Python package in '/home/test/Desktop/Respeaker/res_turtlebot/src/res_turtlebot'
[1.410s] INFO:colcon.colcon_core.shell:Skip shell extension 'powershell' for command environment: Not usable outside of PowerShell
[1.410s] DEBUG:colcon.colcon_core.shell:Skip shell extension 'dsv' for command environment
[2.298s] DEBUG:colcon.colcon_core.event_handler.log_command:Invoking command in '/home/test/Desktop/Respeaker/res_turtlebot/build/res_turtlebot': PYTHONPATH=/home/test/Desktop/Respeaker/res_turtlebot/build/res_turtlebot/prefix_override:/usr/lib/python3/dist-packages/colcon_core/task/python/colcon_distutils_commands:/home/test/Desktop/Respeaker/res_turtlebot/install/res_turtlebot/lib/python3.10/site-packages:${PYTHONPATH} /usr/bin/python3 -W ignore:setup.py install is deprecated setup.py develop --editable --build-directory /home/test/Desktop/Respeaker/res_turtlebot/build/res_turtlebot/build --no-deps symlink_data
[3.447s] Level 1:colcon.colcon_core.shell:create_environment_hook('res_turtlebot', 'pythonpath_develop')
[3.449s] DEBUG:colcon.colcon_core.event_handler.log_command:Invoked command in '/home/test/Desktop/Respeaker/res_turtlebot/build/res_turtlebot' returned '0': PYTHONPATH=/home/test/Desktop/Respeaker/res_turtlebot/build/res_turtlebot/prefix_override:/usr/lib/python3/dist-packages/colcon_core/task/python/colcon_distutils_commands:/home/test/Desktop/Respeaker/res_turtlebot/install/res_turtlebot/lib/python3.10/site-packages:${PYTHONPATH} /usr/bin/python3 -W ignore:setup.py install is deprecated setup.py develop --editable --build-directory /home/test/Desktop/Respeaker/res_turtlebot/build/res_turtlebot/build --no-deps symlink_data
[3.449s] INFO:colcon.colcon_core.shell:Creating environment hook '/home/test/Desktop/Respeaker/res_turtlebot/build/res_turtlebot/share/res_turtlebot/hook/pythonpath_develop.ps1'
[3.451s] INFO:colcon.colcon_core.shell:Creating environment descriptor '/home/test/Desktop/Respeaker/res_turtlebot/build/res_turtlebot/share/res_turtlebot/hook/pythonpath_develop.dsv'
[3.451s] INFO:colcon.colcon_core.shell:Creating environment hook '/home/test/Desktop/Respeaker/res_turtlebot/build/res_turtlebot/share/res_turtlebot/hook/pythonpath_develop.sh'
[3.455s] Level 1:colcon.colcon_core.environment:checking '/home/test/Desktop/Respeaker/res_turtlebot/install/res_turtlebot' for CMake module files
[3.456s] Level 1:colcon.colcon_core.environment:checking '/home/test/Desktop/Respeaker/res_turtlebot/install/res_turtlebot' for CMake config files
[3.457s] Level 1:colcon.colcon_core.environment:checking '/home/test/Desktop/Respeaker/res_turtlebot/install/res_turtlebot/lib'
[3.457s] Level 1:colcon.colcon_core.environment:checking '/home/test/Desktop/Respeaker/res_turtlebot/install/res_turtlebot/bin'
[3.457s] Level 1:colcon.colcon_core.environment:checking '/home/test/Desktop/Respeaker/res_turtlebot/install/res_turtlebot/lib/pkgconfig/res_turtlebot.pc'
[3.458s] Level 1:colcon.colcon_core.environment:checking '/home/test/Desktop/Respeaker/res_turtlebot/install/res_turtlebot/lib/python3.10/site-packages'
[3.458s] Level 1:colcon.colcon_core.shell:create_environment_hook('res_turtlebot', 'pythonpath')
[3.458s] INFO:colcon.colcon_core.shell:Creating environment hook '/home/test/Desktop/Respeaker/res_turtlebot/install/res_turtlebot/share/res_turtlebot/hook/pythonpath.ps1'
[3.459s] INFO:colcon.colcon_core.shell:Creating environment descriptor '/home/test/Desktop/Respeaker/res_turtlebot/install/res_turtlebot/share/res_turtlebot/hook/pythonpath.dsv'
[3.460s] INFO:colcon.colcon_core.shell:Creating environment hook '/home/test/Desktop/Respeaker/res_turtlebot/install/res_turtlebot/share/res_turtlebot/hook/pythonpath.sh'
[3.461s] Level 1:colcon.colcon_core.environment:checking '/home/test/Desktop/Respeaker/res_turtlebot/install/res_turtlebot/bin'
[3.461s] Level 1:colcon.colcon_core.environment:create_environment_scripts_only(res_turtlebot)
[3.462s] INFO:colcon.colcon_core.shell:Creating package script '/home/test/Desktop/Respeaker/res_turtlebot/install/res_turtlebot/share/res_turtlebot/package.ps1'
[3.463s] INFO:colcon.colcon_core.shell:Creating package descriptor '/home/test/Desktop/Respeaker/res_turtlebot/install/res_turtlebot/share/res_turtlebot/package.dsv'
[3.464s] INFO:colcon.colcon_core.shell:Creating package script '/home/test/Desktop/Respeaker/res_turtlebot/install/res_turtlebot/share/res_turtlebot/package.sh'
[3.465s] INFO:colcon.colcon_core.shell:Creating package script '/home/test/Desktop/Respeaker/res_turtlebot/install/res_turtlebot/share/res_turtlebot/package.bash'
[3.467s] INFO:colcon.colcon_core.shell:Creating package script '/home/test/Desktop/Respeaker/res_turtlebot/install/res_turtlebot/share/res_turtlebot/package.zsh'
[3.469s] Level 1:colcon.colcon_core.environment:create_file_with_runtime_dependencies(/home/test/Desktop/Respeaker/res_turtlebot/install/res_turtlebot/share/colcon-core/packages/res_turtlebot)
[3.469s] DEBUG:colcon.colcon_parallel_executor.executor.parallel:closing loop
[3.469s] DEBUG:colcon.colcon_parallel_executor.executor.parallel:loop closed
[3.470s] DEBUG:colcon.colcon_parallel_executor.executor.parallel:run_until_complete finished with '0'
[3.470s] DEBUG:colcon.colcon_core.event_reactor:joining thread
[3.493s] INFO:colcon.colcon_core.plugin_system:Skipping extension 'colcon_notification.desktop_notification.terminal_notifier': Not used on non-Darwin systems
[3.493s] INFO:colcon.colcon_core.plugin_system:Skipping extension 'colcon_notification.desktop_notification.win32': Not used on non-Windows systems
[3.494s] INFO:colcon.colcon_notification.desktop_notification:Sending desktop notification using 'notify2'
[3.539s] DEBUG:colcon.colcon_core.event_reactor:joined thread
[3.540s] INFO:colcon.colcon_core.shell:Creating prefix script '/home/test/Desktop/Respeaker/res_turtlebot/install/local_setup.ps1'
[3.544s] INFO:colcon.colcon_core.shell:Creating prefix util module '/home/test/Desktop/Respeaker/res_turtlebot/install/_local_setup_util_ps1.py'
[3.553s] INFO:colcon.colcon_core.shell:Creating prefix chain script '/home/test/Desktop/Respeaker/res_turtlebot/install/setup.ps1'
[3.562s] INFO:colcon.colcon_core.shell:Creating prefix script '/home/test/Desktop/Respeaker/res_turtlebot/install/local_setup.sh'
[3.563s] INFO:colcon.colcon_core.shell:Creating prefix util module '/home/test/Desktop/Respeaker/res_turtlebot/install/_local_setup_util_sh.py'
[3.567s] INFO:colcon.colcon_core.shell:Creating prefix chain script '/home/test/Desktop/Respeaker/res_turtlebot/install/setup.sh'
[3.574s] INFO:colcon.colcon_core.shell:Creating prefix script '/home/test/Desktop/Respeaker/res_turtlebot/install/local_setup.bash'
[3.575s] INFO:colcon.colcon_core.shell:Creating prefix chain script '/home/test/Desktop/Respeaker/res_turtlebot/install/setup.bash'
[3.588s] INFO:colcon.colcon_core.shell:Creating prefix script '/home/test/Desktop/Respeaker/res_turtlebot/install/local_setup.zsh'
[3.590s] INFO:colcon.colcon_core.shell:Creating prefix chain script '/home/test/Desktop/Respeaker/res_turtlebot/install/setup.zsh'
